08:53:32.025 [INFO] warning: parser/current is loading parser/ruby22, which recognizes
warning: 2.2.3-compliant syntax, but you are running 2.2.2.
warning: please see https://github.com/whitequark/parser#compatibility-with-ruby-mri.
08:53:32.498 [INFO] Executing specification: Image Specification
08:53:32.498 [INFO] Executing scenario: Create Images
08:53:32.499 [DEBUG] Executing Step: * initialize valid images 
     |w  |h  |pixel count|Exception|
     |---|---|-----------|---------|
     |3  |3  |9          |none     |
     |250|250|62500      |none     |
08:53:32.567 [DEBUG] Executing Step: * initialize invalid images 
     |w  |h  |Exception message                                        |
     |---|---|---------------------------------------------------------|
     |251|250|A width of 251 is greater than the maximum width of 250  |
     |250|251|A height of 251 is greater than the maximum height of 250|
     |0  |250|A width of 0 is less than the minimum width of 1         |
     |250|0  |A height of 0 is less than the minimum height of 1       |
08:53:32.571 [INFO] Executing scenario: check image bounds
08:53:32.572 [DEBUG] Executing Step: * create a "3" by "3" image
08:53:32.574 [DEBUG] Executing Step: * set invalid pixel colors 
     |x|y|Exception message                   |
     |-|-|------------------------------------|
     |4|3|4 is outside the width of the image |
     |3|4|4 is outside the height of the image|
     |0|3|0 is outside the width of the image |
     |3|0|0 is outside the height of the image|
08:53:32.576 [INFO] Executing scenario: Set Color of Pixel
08:53:32.577 [DEBUG] Executing Step: * create a "3" by "3" image
08:53:32.578 [DEBUG] Executing Step: * set pixel colors 
     |x|y|color|
     |-|-|-----|
     |3|3|A    |
     |2|2|A    |
     |1|1|A    |
08:53:32.581 [INFO] Executing scenario: set pixel color and check in output
08:53:32.582 [DEBUG] Executing Step: * create a "5" by "5" image
08:53:32.583 [DEBUG] Executing Step: * set x "1" y "1" to "A"
08:53:32.584 [DEBUG] Executing Step: * set x "2" y "1" to "B"
08:53:32.586 [DEBUG] Executing Step: * set x "3" y "1" to "C"
08:53:32.588 [DEBUG] Executing Step: * set x "3" y "2" to "D"
08:53:32.590 [DEBUG] Executing Step: * set x "3" y "3" to "E"
08:53:32.591 [DEBUG] Executing Step: * render image
08:53:32.592 [INFO] 
ABCOO
OODOO
OOEOO
OOOOO
OOOOO
08:53:32.593 [DEBUG] Executing Step: * check color 
     |x|y|color|
     |-|-|-----|
     |1|1|A    |
     |2|1|B    |
     |3|1|C    |
     |3|2|D    |
     |3|3|E    |
08:53:32.596 [INFO] Executing scenario: Set column color
08:53:32.597 [DEBUG] Executing Step: * create a "5" by "5" image
08:53:32.598 [DEBUG] Executing Step: * set pixel vertical colors 
     |x|from|to|color|
     |-|----|--|-----|
     |2|1   |5 |W    |
08:53:32.600 [DEBUG] Executing Step: * render image
08:53:32.601 [INFO] 
OWOOO
OWOOO
OWOOO
OWOOO
OWOOO
08:53:32.602 [DEBUG] Executing Step: * check color 
     |x|y|color|
     |-|-|-----|
     |2|1|W    |
     |2|2|W    |
     |2|3|W    |
     |2|4|W    |
     |2|5|W    |
08:53:32.606 [INFO] Executing scenario: Set row color
08:53:32.607 [DEBUG] Executing Step: * create a "5" by "5" image
08:53:32.608 [DEBUG] Executing Step: * set pixel horizontal colors 
     |y|from|to|color|
     |-|----|--|-----|
     |2|1   |5 |W    |
08:53:32.610 [DEBUG] Executing Step: * render image
08:53:32.610 [INFO] 
OOOOO
WWWWW
OOOOO
OOOOO
OOOOO
08:53:32.611 [DEBUG] Executing Step: * check color 
     |x|y|color|
     |-|-|-----|
     |1|2|W    |
     |2|2|W    |
     |3|2|W    |
     |4|2|W    |
     |5|2|W    |
08:53:32.614 [INFO] Executing scenario: Clear image
08:53:32.615 [DEBUG] Executing Step: * create a "5" by "5" image
08:53:32.616 [DEBUG] Executing Step: * set pixel vertical colors 
     |x|from|to|color|
     |-|----|--|-----|
     |2|1   |5 |W    |
08:53:32.618 [DEBUG] Executing Step: * set pixel horizontal colors 
     |y|from|to|color|
     |-|----|--|-----|
     |2|1   |5 |W    |
08:53:32.619 [DEBUG] Executing Step: * clear image
08:53:32.621 [DEBUG] Executing Step: * render image
08:53:32.622 [INFO] 
OOOOO
OOOOO
OOOOO
OOOOO
OOOOO
08:53:32.623 [DEBUG] Executing Step: * check color 
     |x|y|color|
     |-|-|-----|
     |1|1|O    |
     |2|2|O    |
     |3|2|O    |
     |4|2|O    |
     |5|2|O    |
08:53:32.625 [DEBUG] Executing Step: * create a "5" by "5" image
08:53:32.628 [INFO] Executing scenario: Fill and get region
08:53:32.628 [DEBUG] Executing Step: * set x "1" y "2" to "A"
08:53:32.630 [DEBUG] Executing Step: * set x "2" y "1" to "A"
08:53:32.634 [DEBUG] Executing Step: * set x "2" y "3" to "A"
08:53:32.636 [DEBUG] Executing Step: * set x "3" y "2" to "A"
08:53:32.638 [DEBUG] Executing Step: * set x "1" y "1" to "A"
08:53:32.640 [DEBUG] Executing Step: * set x "3" y "3" to "A"
08:53:32.641 [DEBUG] Executing Step: * set x "1" y "3" to "A"
08:53:32.643 [DEBUG] Executing Step: * set x "5" y "5" to "A"
08:53:32.646 [DEBUG] Executing Step: * set x "4" y "3" to "B"
08:53:32.647 [DEBUG] Executing Step: * fill x "2" y "2" to "A"
08:53:32.649 [DEBUG] Executing Step: * render image
08:53:32.650 [INFO] 
AAOOO
AAAOO
AAABO
OOOOO
OOOOA
08:53:32.650 [DEBUG] Executing Step: * check in region 
     |x|y|color|
     |-|-|-----|
     |2|2|A    |
     |2|1|A    |
     |2|3|A    |
     |1|2|A    |
     |3|2|A    |
     |1|1|A    |
     |3|3|A    |
     |1|3|A    |
08:53:32.653 [DEBUG] Executing Step: * check out of region 
     |x|y|color|
     |-|-|-----|
     |5|5|A    |
     |4|3|A    |
08:53:32.763 [DEBUG] Plugin [Html Report] with pid [13251] has exited
08:53:32.763 [INFO] Specifications: 	1 executed, 1 passed, 0 failed, 0 skipped
08:53:32.763 [INFO] Scenarios: 	8 executed, 8 passed, 0 failed, 0 skipped
08:53:32.763 [INFO] Total time taken: 160ms
08:53:34.822 [INFO] warning: parser/current is loading parser/ruby22, which recognizes
warning: 2.2.3-compliant syntax, but you are running 2.2.2.
warning: please see https://github.com/whitequark/parser#compatibility-with-ruby-mri.
08:53:35.285 [INFO] Executing specification: Image Specification
08:53:35.286 [INFO] Executing scenario: Create Images
08:53:35.287 [DEBUG] Executing Step: * initialize valid images 
     |w  |h  |pixel count|Exception|
     |---|---|-----------|---------|
     |3  |3  |9          |none     |
     |250|250|62500      |none     |
08:53:35.354 [DEBUG] Executing Step: * initialize invalid images 
     |w  |h  |Exception message                                        |
     |---|---|---------------------------------------------------------|
     |251|250|A width of 251 is greater than the maximum width of 250  |
     |250|251|A height of 251 is greater than the maximum height of 250|
     |0  |250|A width of 0 is less than the minimum width of 1         |
     |250|0  |A height of 0 is less than the minimum height of 1       |
08:53:35.356 [INFO] Executing scenario: check image bounds
08:53:35.357 [DEBUG] Executing Step: * create a "3" by "3" image
08:53:35.359 [DEBUG] Executing Step: * set invalid pixel colors 
     |x|y|Exception message                   |
     |-|-|------------------------------------|
     |4|3|4 is outside the width of the image |
     |3|4|4 is outside the height of the image|
     |0|3|0 is outside the width of the image |
     |3|0|0 is outside the height of the image|
08:53:35.363 [INFO] Executing scenario: Set Color of Pixel
08:53:35.364 [DEBUG] Executing Step: * create a "3" by "3" image
08:53:35.365 [DEBUG] Executing Step: * set pixel colors 
     |x|y|color|
     |-|-|-----|
     |3|3|A    |
     |2|2|A    |
     |1|1|A    |
08:53:35.369 [INFO] Executing scenario: set pixel color and check in output
08:53:35.370 [DEBUG] Executing Step: * create a "5" by "5" image
08:53:35.372 [DEBUG] Executing Step: * set x "1" y "1" to "A"
08:53:35.373 [DEBUG] Executing Step: * set x "2" y "1" to "B"
08:53:35.375 [DEBUG] Executing Step: * set x "3" y "1" to "C"
08:53:35.377 [DEBUG] Executing Step: * set x "3" y "2" to "D"
08:53:35.378 [DEBUG] Executing Step: * set x "3" y "3" to "E"
08:53:35.381 [DEBUG] Executing Step: * render image
08:53:35.382 [INFO] 
ABCOO
OODOO
OOEOO
OOOOO
OOOOO
08:53:35.383 [DEBUG] Executing Step: * check color 
     |x|y|color|
     |-|-|-----|
     |1|1|A    |
     |2|1|B    |
     |3|1|C    |
     |3|2|D    |
     |3|3|E    |
08:53:35.386 [INFO] Executing scenario: Set column color
08:53:35.387 [DEBUG] Executing Step: * create a "5" by "5" image
08:53:35.389 [DEBUG] Executing Step: * set pixel vertical colors 
     |x|from|to|color|
     |-|----|--|-----|
     |2|1   |5 |W    |
08:53:35.390 [DEBUG] Executing Step: * render image
08:53:35.391 [INFO] 
OWOOO
OWOOO
OWOOO
OWOOO
OWOOO
08:53:35.392 [DEBUG] Executing Step: * check color 
     |x|y|color|
     |-|-|-----|
     |2|1|W    |
     |2|2|W    |
     |2|3|W    |
     |2|4|W    |
     |2|5|W    |
08:53:35.395 [INFO] Executing scenario: Set row color
08:53:35.397 [DEBUG] Executing Step: * create a "5" by "5" image
08:53:35.400 [DEBUG] Executing Step: * set pixel horizontal colors 
     |y|from|to|color|
     |-|----|--|-----|
     |2|1   |5 |W    |
08:53:35.403 [DEBUG] Executing Step: * render image
08:53:35.404 [INFO] 
OOOOO
WWWWW
OOOOO
OOOOO
OOOOO
08:53:35.405 [DEBUG] Executing Step: * check color 
     |x|y|color|
     |-|-|-----|
     |1|2|W    |
     |2|2|W    |
     |3|2|W    |
     |4|2|W    |
     |5|2|W    |
08:53:35.409 [INFO] Executing scenario: Clear image
08:53:35.410 [DEBUG] Executing Step: * create a "5" by "5" image
08:53:35.413 [DEBUG] Executing Step: * set pixel vertical colors 
     |x|from|to|color|
     |-|----|--|-----|
     |2|1   |5 |W    |
08:53:35.415 [DEBUG] Executing Step: * set pixel horizontal colors 
     |y|from|to|color|
     |-|----|--|-----|
     |2|1   |5 |W    |
08:53:35.417 [DEBUG] Executing Step: * clear image
08:53:35.419 [DEBUG] Executing Step: * render image
08:53:35.420 [INFO] 
OOOOO
OOOOO
OOOOO
OOOOO
OOOOO
08:53:35.422 [DEBUG] Executing Step: * check color 
     |x|y|color|
     |-|-|-----|
     |1|1|O    |
     |2|2|O    |
     |3|2|O    |
     |4|2|O    |
     |5|2|O    |
08:53:35.424 [DEBUG] Executing Step: * create a "5" by "5" image
08:53:35.426 [INFO] Executing scenario: Fill and get region
08:53:35.427 [DEBUG] Executing Step: * set x "1" y "2" to "A"
08:53:35.428 [DEBUG] Executing Step: * set x "2" y "1" to "A"
08:53:35.431 [DEBUG] Executing Step: * set x "2" y "3" to "A"
08:53:35.434 [DEBUG] Executing Step: * set x "3" y "2" to "A"
08:53:35.435 [DEBUG] Executing Step: * set x "1" y "1" to "A"
08:53:35.437 [DEBUG] Executing Step: * set x "3" y "3" to "A"
08:53:35.440 [DEBUG] Executing Step: * set x "1" y "3" to "A"
08:53:35.441 [DEBUG] Executing Step: * set x "5" y "5" to "A"
08:53:35.443 [DEBUG] Executing Step: * set x "4" y "3" to "B"
08:53:35.444 [DEBUG] Executing Step: * fill x "2" y "2" to "A"
08:53:35.447 [DEBUG] Executing Step: * render image
08:53:35.448 [INFO] 
AAOOO
AAAOO
AAABO
OOOOO
OOOOA
08:53:35.450 [DEBUG] Executing Step: * check in region 
     |x|y|color|
     |-|-|-----|
     |2|2|A    |
     |2|1|A    |
     |2|3|A    |
     |1|2|A    |
     |3|2|A    |
     |1|1|A    |
     |3|3|A    |
     |1|3|A    |
08:53:35.452 [DEBUG] Executing Step: * check out of region 
     |x|y|color|
     |-|-|-----|
     |5|5|A    |
     |4|3|A    |
08:53:35.561 [DEBUG] Plugin [Html Report] with pid [13265] has exited
08:53:35.561 [INFO] Specifications: 	1 executed, 1 passed, 0 failed, 0 skipped
08:53:35.561 [INFO] Scenarios: 	8 executed, 8 passed, 0 failed, 0 skipped
08:53:35.561 [INFO] Total time taken: 172ms
08:53:39.176 [INFO] warning: parser/current is loading parser/ruby22, which recognizes
warning: 2.2.3-compliant syntax, but you are running 2.2.2.
warning: please see https://github.com/whitequark/parser#compatibility-with-ruby-mri.
08:53:39.624 [INFO] Executing specification: Image Specification
08:53:39.625 [INFO] Executing scenario: Create Images
08:53:39.625 [DEBUG] Executing Step: * initialize valid images 
     |w  |h  |pixel count|Exception|
     |---|---|-----------|---------|
     |3  |3  |9          |none     |
     |250|250|62500      |none     |
08:53:39.689 [DEBUG] Executing Step: * initialize invalid images 
     |w  |h  |Exception message                                        |
     |---|---|---------------------------------------------------------|
     |251|250|A width of 251 is greater than the maximum width of 250  |
     |250|251|A height of 251 is greater than the maximum height of 250|
     |0  |250|A width of 0 is less than the minimum width of 1         |
     |250|0  |A height of 0 is less than the minimum height of 1       |
08:53:39.692 [INFO] Executing scenario: check image bounds
08:53:39.693 [DEBUG] Executing Step: * create a "3" by "3" image
08:53:39.695 [DEBUG] Executing Step: * set invalid pixel colors 
     |x|y|Exception message                   |
     |-|-|------------------------------------|
     |4|3|4 is outside the width of the image |
     |3|4|4 is outside the height of the image|
     |0|3|0 is outside the width of the image |
     |3|0|0 is outside the height of the image|
08:53:39.699 [INFO] Executing scenario: Set Color of Pixel
08:53:39.700 [DEBUG] Executing Step: * create a "3" by "3" image
08:53:39.702 [DEBUG] Executing Step: * set pixel colors 
     |x|y|color|
     |-|-|-----|
     |3|3|A    |
     |2|2|A    |
     |1|1|A    |
08:53:39.705 [INFO] Executing scenario: set pixel color and check in output
08:53:39.706 [DEBUG] Executing Step: * create a "5" by "5" image
08:53:39.707 [DEBUG] Executing Step: * set x "1" y "1" to "A"
08:53:39.709 [DEBUG] Executing Step: * set x "2" y "1" to "B"
08:53:39.710 [DEBUG] Executing Step: * set x "3" y "1" to "C"
08:53:39.712 [DEBUG] Executing Step: * set x "3" y "2" to "D"
08:53:39.714 [DEBUG] Executing Step: * set x "3" y "3" to "E"
08:53:39.716 [DEBUG] Executing Step: * render image
08:53:39.717 [INFO] 
ABCOO
OODOO
OOEOO
OOOOO
OOOOO
08:53:39.718 [DEBUG] Executing Step: * check color 
     |x|y|color|
     |-|-|-----|
     |1|1|A    |
     |2|1|B    |
     |3|1|C    |
     |3|2|D    |
     |3|3|E    |
08:53:39.721 [INFO] Executing scenario: Set column color
08:53:39.722 [DEBUG] Executing Step: * create a "5" by "5" image
08:53:39.723 [DEBUG] Executing Step: * set pixel vertical colors 
     |x|from|to|color|
     |-|----|--|-----|
     |2|1   |5 |W    |
08:53:39.725 [DEBUG] Executing Step: * render image
08:53:39.726 [INFO] 
OWOOO
OWOOO
OWOOO
OWOOO
OWOOO
08:53:39.727 [DEBUG] Executing Step: * check color 
     |x|y|color|
     |-|-|-----|
     |2|1|W    |
     |2|2|W    |
     |2|3|W    |
     |2|4|W    |
     |2|5|W    |
08:53:39.730 [INFO] Executing scenario: Set row color
08:53:39.731 [DEBUG] Executing Step: * create a "5" by "5" image
08:53:39.732 [DEBUG] Executing Step: * set pixel horizontal colors 
     |y|from|to|color|
     |-|----|--|-----|
     |2|1   |5 |W    |
08:53:39.734 [DEBUG] Executing Step: * render image
08:53:39.735 [INFO] 
OOOOO
WWWWW
OOOOO
OOOOO
OOOOO
08:53:39.736 [DEBUG] Executing Step: * check color 
     |x|y|color|
     |-|-|-----|
     |1|2|W    |
     |2|2|W    |
     |3|2|W    |
     |4|2|W    |
     |5|2|W    |
08:53:39.740 [INFO] Executing scenario: Clear image
08:53:39.740 [DEBUG] Executing Step: * create a "5" by "5" image
08:53:39.742 [DEBUG] Executing Step: * set pixel vertical colors 
     |x|from|to|color|
     |-|----|--|-----|
     |2|1   |5 |W    |
08:53:39.744 [DEBUG] Executing Step: * set pixel horizontal colors 
     |y|from|to|color|
     |-|----|--|-----|
     |2|1   |5 |W    |
08:53:39.746 [DEBUG] Executing Step: * clear image
08:53:39.748 [DEBUG] Executing Step: * render image
08:53:39.750 [INFO] 
OOOOO
OOOOO
OOOOO
OOOOO
OOOOO
08:53:39.751 [DEBUG] Executing Step: * check color 
     |x|y|color|
     |-|-|-----|
     |1|1|O    |
     |2|2|O    |
     |3|2|O    |
     |4|2|O    |
     |5|2|O    |
08:53:39.754 [DEBUG] Executing Step: * create a "5" by "5" image
08:53:39.756 [INFO] Executing scenario: Fill and get region
08:53:39.756 [DEBUG] Executing Step: * set x "1" y "2" to "A"
08:53:39.759 [DEBUG] Executing Step: * set x "2" y "1" to "A"
08:53:39.761 [DEBUG] Executing Step: * set x "2" y "3" to "A"
08:53:39.763 [DEBUG] Executing Step: * set x "3" y "2" to "A"
08:53:39.764 [DEBUG] Executing Step: * set x "1" y "1" to "A"
08:53:39.766 [DEBUG] Executing Step: * set x "3" y "3" to "A"
08:53:39.767 [DEBUG] Executing Step: * set x "1" y "3" to "A"
08:53:39.769 [DEBUG] Executing Step: * set x "5" y "5" to "A"
08:53:39.772 [DEBUG] Executing Step: * set x "4" y "3" to "B"
08:53:39.773 [DEBUG] Executing Step: * fill x "2" y "2" to "A"
08:53:39.775 [DEBUG] Executing Step: * render image
08:53:39.776 [INFO] 
AAOOO
AAAOO
AAABO
OOOOO
OOOOA
08:53:39.777 [DEBUG] Executing Step: * check in region 
     |x|y|color|
     |-|-|-----|
     |2|2|A    |
     |2|1|A    |
     |2|3|A    |
     |1|2|A    |
     |3|2|A    |
     |1|1|A    |
     |3|3|A    |
     |1|3|A    |
08:53:39.781 [DEBUG] Executing Step: * check out of region 
     |x|y|color|
     |-|-|-----|
     |5|5|A    |
     |4|3|A    |
08:53:39.891 [DEBUG] Plugin [Html Report] with pid [13359] has exited
08:53:39.891 [INFO] Specifications: 	1 executed, 1 passed, 0 failed, 0 skipped
08:53:39.891 [INFO] Scenarios: 	8 executed, 8 passed, 0 failed, 0 skipped
08:53:39.892 [INFO] Total time taken: 162ms
08:55:16.644 [INFO] warning: parser/current is loading parser/ruby22, which recognizes
warning: 2.2.3-compliant syntax, but you are running 2.2.2.
warning: please see https://github.com/whitequark/parser#compatibility-with-ruby-mri.
08:55:17.098 [INFO] Executing specification: Image Specification
08:55:17.098 [INFO] Executing scenario: Create Images
08:55:17.099 [DEBUG] Executing Step: * initialize valid images 
     |w  |h  |pixel count|Exception|
     |---|---|-----------|---------|
     |3  |3  |9          |none     |
     |250|250|62500      |none     |
08:55:17.167 [DEBUG] Executing Step: * initialize invalid images 
     |w  |h  |Exception message                                        |
     |---|---|---------------------------------------------------------|
     |251|250|A width of 251 is greater than the maximum width of 250  |
     |250|251|A height of 251 is greater than the maximum height of 250|
     |0  |250|A width of 0 is less than the minimum width of 1         |
     |250|0  |A height of 0 is less than the minimum height of 1       |
08:55:17.172 [INFO] Executing scenario: check image bounds
08:55:17.172 [DEBUG] Executing Step: * create a "3" by "3" image
08:55:17.174 [DEBUG] Executing Step: * set invalid pixel colors 
     |x|y|Exception message                   |
     |-|-|------------------------------------|
     |4|3|4 is outside the width of the image |
     |3|4|4 is outside the height of the image|
     |0|3|0 is outside the width of the image |
     |3|0|0 is outside the height of the image|
08:55:17.177 [INFO] Executing scenario: Set Color of Pixel
08:55:17.177 [DEBUG] Executing Step: * create a "3" by "3" image
08:55:17.179 [DEBUG] Executing Step: * set pixel colors 
     |x|y|color|
     |-|-|-----|
     |3|3|A    |
     |2|2|A    |
     |1|1|A    |
08:55:17.182 [INFO] Executing scenario: set pixel color and check in output
08:55:17.183 [DEBUG] Executing Step: * create a "5" by "5" image
08:55:17.184 [DEBUG] Executing Step: * set x "1" y "1" to "A"
08:55:17.186 [DEBUG] Executing Step: * set x "2" y "1" to "B"
08:55:17.188 [DEBUG] Executing Step: * set x "3" y "1" to "C"
08:55:17.189 [DEBUG] Executing Step: * set x "3" y "2" to "D"
08:55:17.191 [DEBUG] Executing Step: * set x "3" y "3" to "E"
08:55:17.192 [DEBUG] Executing Step: * render image
08:55:17.193 [INFO] 
ABCOO
OODOO
OOEOO
OOOOO
OOOOO
08:55:17.194 [DEBUG] Executing Step: * check color 
     |x|y|color|
     |-|-|-----|
     |1|1|A    |
     |2|1|B    |
     |3|1|C    |
     |3|2|D    |
     |3|3|E    |
08:55:17.197 [INFO] Executing scenario: Set column color
08:55:17.198 [DEBUG] Executing Step: * create a "5" by "5" image
08:55:17.200 [DEBUG] Executing Step: * set pixel vertical colors 
     |x|from|to|color|
     |-|----|--|-----|
     |2|1   |5 |W    |
08:55:17.201 [DEBUG] Executing Step: * render image
08:55:17.202 [INFO] 
OWOOO
OWOOO
OWOOO
OWOOO
OWOOO
08:55:17.203 [DEBUG] Executing Step: * check color 
     |x|y|color|
     |-|-|-----|
     |2|1|W    |
     |2|2|W    |
     |2|3|W    |
     |2|4|W    |
     |2|5|W    |
08:55:17.206 [INFO] Executing scenario: Set row color
08:55:17.207 [DEBUG] Executing Step: * create a "5" by "5" image
08:55:17.208 [DEBUG] Executing Step: * set pixel horizontal colors 
     |y|from|to|color|
     |-|----|--|-----|
     |2|1   |5 |W    |
08:55:17.211 [DEBUG] Executing Step: * render image
08:55:17.211 [INFO] 
OOOOO
WWWWW
OOOOO
OOOOO
OOOOO
08:55:17.212 [DEBUG] Executing Step: * check color 
     |x|y|color|
     |-|-|-----|
     |1|2|W    |
     |2|2|W    |
     |3|2|W    |
     |4|2|W    |
     |5|2|W    |
08:55:17.215 [INFO] Executing scenario: Clear image
08:55:17.216 [DEBUG] Executing Step: * create a "5" by "5" image
08:55:17.217 [DEBUG] Executing Step: * set pixel vertical colors 
     |x|from|to|color|
     |-|----|--|-----|
     |2|1   |5 |W    |
08:55:17.219 [DEBUG] Executing Step: * set pixel horizontal colors 
     |y|from|to|color|
     |-|----|--|-----|
     |2|1   |5 |W    |
08:55:17.220 [DEBUG] Executing Step: * clear image
08:55:17.223 [DEBUG] Executing Step: * render image
08:55:17.224 [INFO] 
OOOOO
OOOOO
OOOOO
OOOOO
OOOOO
08:55:17.224 [DEBUG] Executing Step: * check color 
     |x|y|color|
     |-|-|-----|
     |1|1|O    |
     |2|2|O    |
     |3|2|O    |
     |4|2|O    |
     |5|2|O    |
08:55:17.227 [DEBUG] Executing Step: * create a "5" by "5" image
08:55:17.230 [INFO] Executing scenario: Fill and get region
08:55:17.231 [DEBUG] Executing Step: * set x "1" y "2" to "A"
08:55:17.234 [DEBUG] Executing Step: * set x "2" y "1" to "A"
08:55:17.238 [DEBUG] Executing Step: * set x "2" y "3" to "A"
08:55:17.240 [DEBUG] Executing Step: * set x "3" y "2" to "A"
08:55:17.241 [DEBUG] Executing Step: * set x "1" y "1" to "A"
08:55:17.243 [DEBUG] Executing Step: * set x "3" y "3" to "A"
08:55:17.245 [DEBUG] Executing Step: * set x "1" y "3" to "A"
08:55:17.247 [DEBUG] Executing Step: * set x "5" y "5" to "A"
08:55:17.249 [DEBUG] Executing Step: * set x "4" y "3" to "B"
08:55:17.250 [DEBUG] Executing Step: * fill x "2" y "2" to "A"
08:55:17.252 [DEBUG] Executing Step: * render image
08:55:17.253 [INFO] 
AAOOO
AAAOO
AAABO
OOOOO
OOOOA
08:55:17.254 [DEBUG] Executing Step: * check in region 
     |x|y|color|
     |-|-|-----|
     |2|2|A    |
     |2|1|A    |
     |2|3|A    |
     |1|2|A    |
     |3|2|A    |
     |1|1|A    |
     |3|3|A    |
     |1|3|A    |
08:55:17.257 [DEBUG] Executing Step: * check out of region 
     |x|y|color|
     |-|-|-----|
     |5|5|A    |
     |4|3|A    |
08:55:17.366 [DEBUG] Plugin [Html Report] with pid [13604] has exited
08:55:17.366 [INFO] Specifications: 	1 executed, 1 passed, 0 failed, 0 skipped
08:55:17.366 [INFO] Scenarios: 	8 executed, 8 passed, 0 failed, 0 skipped
08:55:17.366 [INFO] Total time taken: 163ms
08:58:38.960 [INFO] warning: parser/current is loading parser/ruby22, which recognizes
warning: 2.2.3-compliant syntax, but you are running 2.2.2.
warning: please see https://github.com/whitequark/parser#compatibility-with-ruby-mri.
08:58:39.407 [INFO] Executing specification: Image Specification
08:58:39.408 [INFO] Executing scenario: Create Images
08:58:39.409 [DEBUG] Executing Step: * initialize valid images 
     |w  |h  |pixel count|Exception|
     |---|---|-----------|---------|
     |3  |3  |9          |none     |
     |250|250|62500      |none     |
08:58:39.468 [DEBUG] Executing Step: * initialize invalid images 
     |w  |h  |Exception message                                        |
     |---|---|---------------------------------------------------------|
     |251|250|A width of 251 is greater than the maximum width of 250  |
     |250|251|A height of 251 is greater than the maximum height of 250|
     |0  |250|A width of 0 is less than the minimum width of 1         |
     |250|0  |A height of 0 is less than the minimum height of 1       |
08:58:39.471 [INFO] Executing scenario: check image bounds
08:58:39.472 [DEBUG] Executing Step: * create a "3" by "3" image
08:58:39.474 [DEBUG] Executing Step: * set invalid pixel colors 
     |x|y|Exception message                   |
     |-|-|------------------------------------|
     |4|3|4 is outside the width of the image |
     |3|4|4 is outside the height of the image|
     |0|3|0 is outside the width of the image |
     |3|0|0 is outside the height of the image|
08:58:39.477 [INFO] Executing scenario: Set Color of Pixel
08:58:39.477 [DEBUG] Executing Step: * create a "3" by "3" image
08:58:39.479 [DEBUG] Executing Step: * set pixel colors 
     |x|y|color|
     |-|-|-----|
     |3|3|A    |
     |2|2|A    |
     |1|1|A    |
08:58:39.482 [INFO] Executing scenario: set pixel color and check in output
08:58:39.483 [DEBUG] Executing Step: * create a "5" by "5" image
08:58:39.484 [DEBUG] Executing Step: * set x "1" y "1" to "A"
08:58:39.487 [DEBUG] Executing Step: * set x "2" y "1" to "B"
08:58:39.489 [DEBUG] Executing Step: * set x "3" y "1" to "C"
08:58:39.491 [DEBUG] Executing Step: * set x "3" y "2" to "D"
08:58:39.493 [DEBUG] Executing Step: * set x "3" y "3" to "E"
08:58:39.496 [DEBUG] Executing Step: * render image
08:58:39.497 [INFO] 
ABCOO
OODOO
OOEOO
OOOOO
OOOOO
08:58:39.498 [DEBUG] Executing Step: * check color 
     |x|y|color|
     |-|-|-----|
     |1|1|A    |
     |2|1|B    |
     |3|1|C    |
     |3|2|D    |
     |3|3|E    |
08:58:39.502 [INFO] Executing scenario: Set column color
08:58:39.502 [DEBUG] Executing Step: * create a "5" by "5" image
08:58:39.504 [DEBUG] Executing Step: * set pixel vertical colors 
     |x|from|to|color|
     |-|----|--|-----|
     |2|1   |5 |W    |
08:58:39.506 [DEBUG] Executing Step: * render image
08:58:39.507 [INFO] 
OWOOO
OWOOO
OWOOO
OWOOO
OWOOO
08:58:39.508 [DEBUG] Executing Step: * check color 
     |x|y|color|
     |-|-|-----|
     |2|1|W    |
     |2|2|W    |
     |2|3|W    |
     |2|4|W    |
     |2|5|W    |
08:58:39.511 [INFO] Executing scenario: Set row color
08:58:39.512 [DEBUG] Executing Step: * create a "5" by "5" image
08:58:39.514 [DEBUG] Executing Step: * set pixel horizontal colors 
     |y|from|to|color|
     |-|----|--|-----|
     |2|1   |5 |W    |
08:58:39.516 [DEBUG] Executing Step: * render image
08:58:39.516 [INFO] 
OOOOO
WWWWW
OOOOO
OOOOO
OOOOO
08:58:39.517 [DEBUG] Executing Step: * check color 
     |x|y|color|
     |-|-|-----|
     |1|2|W    |
     |2|2|W    |
     |3|2|W    |
     |4|2|W    |
     |5|2|W    |
08:58:39.520 [INFO] Executing scenario: Clear image
08:58:39.522 [DEBUG] Executing Step: * create a "5" by "5" image
08:58:39.524 [DEBUG] Executing Step: * set pixel vertical colors 
     |x|from|to|color|
     |-|----|--|-----|
     |2|1   |5 |W    |
08:58:39.527 [DEBUG] Executing Step: * set pixel horizontal colors 
     |y|from|to|color|
     |-|----|--|-----|
     |2|1   |5 |W    |
08:58:39.529 [DEBUG] Executing Step: * clear image
08:58:39.530 [DEBUG] Executing Step: * render image
08:58:39.531 [INFO] 
OOOOO
OOOOO
OOOOO
OOOOO
OOOOO
08:58:39.533 [DEBUG] Executing Step: * check color 
     |x|y|color|
     |-|-|-----|
     |1|1|O    |
     |2|2|O    |
     |3|2|O    |
     |4|2|O    |
     |5|2|O    |
08:58:39.535 [DEBUG] Executing Step: * create a "5" by "5" image
08:58:39.537 [INFO] Executing scenario: Fill and get region
08:58:39.538 [DEBUG] Executing Step: * set x "1" y "2" to "A"
08:58:39.540 [DEBUG] Executing Step: * set x "2" y "1" to "A"
08:58:39.541 [DEBUG] Executing Step: * set x "2" y "3" to "A"
08:58:39.543 [DEBUG] Executing Step: * set x "3" y "2" to "A"
08:58:39.544 [DEBUG] Executing Step: * set x "1" y "1" to "A"
08:58:39.546 [DEBUG] Executing Step: * set x "3" y "3" to "A"
08:58:39.548 [DEBUG] Executing Step: * set x "1" y "3" to "A"
08:58:39.549 [DEBUG] Executing Step: * set x "5" y "5" to "A"
08:58:39.551 [DEBUG] Executing Step: * set x "4" y "3" to "B"
08:58:39.553 [DEBUG] Executing Step: * fill x "2" y "2" to "A"
08:58:39.555 [DEBUG] Executing Step: * render image
08:58:39.557 [INFO] 
AAOOO
AAAOO
AAABO
OOOOO
OOOOA
08:58:39.558 [DEBUG] Executing Step: * check in region 
     |x|y|color|
     |-|-|-----|
     |2|2|A    |
     |2|1|A    |
     |2|3|A    |
     |1|2|A    |
     |3|2|A    |
     |1|1|A    |
     |3|3|A    |
     |1|3|A    |
08:58:39.561 [DEBUG] Executing Step: * check out of region 
     |x|y|color|
     |-|-|-----|
     |5|5|A    |
     |4|3|A    |
08:58:39.670 [DEBUG] Plugin [Html Report] with pid [14043] has exited
08:58:39.670 [INFO] Specifications: 	1 executed, 1 passed, 0 failed, 0 skipped
08:58:39.670 [INFO] Scenarios: 	8 executed, 8 passed, 0 failed, 0 skipped
08:58:39.670 [INFO] Total time taken: 157ms
08:59:30.352 [INFO] warning: parser/current is loading parser/ruby22, which recognizes
warning: 2.2.3-compliant syntax, but you are running 2.2.2.
warning: please see https://github.com/whitequark/parser#compatibility-with-ruby-mri.
08:59:30.799 [INFO] Executing specification: Image Specification
08:59:30.799 [INFO] Executing scenario: Create Images
08:59:30.800 [DEBUG] Executing Step: * initialize valid images 
     |w  |h  |pixel count|Exception|
     |---|---|-----------|---------|
     |3  |3  |9          |none     |
     |250|250|62500      |none     |
08:59:30.865 [DEBUG] Executing Step: * initialize invalid images 
     |w  |h  |Exception message                                        |
     |---|---|---------------------------------------------------------|
     |251|250|A width of 251 is greater than the maximum width of 250  |
     |250|251|A height of 251 is greater than the maximum height of 250|
     |0  |250|A width of 0 is less than the minimum width of 1         |
     |250|0  |A height of 0 is less than the minimum height of 1       |
08:59:30.867 [INFO] Executing scenario: check image bounds
08:59:30.868 [DEBUG] Executing Step: * create a "3" by "3" image
08:59:30.870 [DEBUG] Executing Step: * set invalid pixel colors 
     |x|y|Exception message                   |
     |-|-|------------------------------------|
     |4|3|4 is outside the width of the image |
     |3|4|4 is outside the height of the image|
     |0|3|0 is outside the width of the image |
     |3|0|0 is outside the height of the image|
08:59:30.874 [INFO] Executing scenario: Set Color of Pixel
08:59:30.875 [DEBUG] Executing Step: * create a "3" by "3" image
08:59:30.877 [DEBUG] Executing Step: * set pixel colors 
     |x|y|color|
     |-|-|-----|
     |3|3|A    |
     |2|2|A    |
     |1|1|A    |
08:59:30.880 [INFO] Executing scenario: set pixel color and check in output
08:59:30.880 [DEBUG] Executing Step: * create a "5" by "5" image
08:59:30.882 [DEBUG] Executing Step: * set x "1" y "1" to "A"
08:59:30.883 [DEBUG] Executing Step: * set x "2" y "1" to "B"
08:59:30.885 [DEBUG] Executing Step: * set x "3" y "1" to "C"
08:59:30.886 [DEBUG] Executing Step: * set x "3" y "2" to "D"
08:59:30.888 [DEBUG] Executing Step: * set x "3" y "3" to "E"
08:59:30.889 [DEBUG] Executing Step: * render image
08:59:30.890 [INFO] 
ABCOO
OODOO
OOEOO
OOOOO
OOOOO
08:59:30.891 [DEBUG] Executing Step: * check color 
     |x|y|color|
     |-|-|-----|
     |1|1|A    |
     |2|1|B    |
     |3|1|C    |
     |3|2|D    |
     |3|3|E    |
08:59:30.894 [INFO] Executing scenario: Set column color
08:59:30.895 [DEBUG] Executing Step: * create a "5" by "5" image
08:59:30.897 [DEBUG] Executing Step: * set pixel vertical colors 
     |x|from|to|color|
     |-|----|--|-----|
     |2|1   |5 |W    |
08:59:30.899 [DEBUG] Executing Step: * render image
08:59:30.900 [INFO] 
OWOOO
OWOOO
OWOOO
OWOOO
OWOOO
08:59:30.901 [DEBUG] Executing Step: * check color 
     |x|y|color|
     |-|-|-----|
     |2|1|W    |
     |2|2|W    |
     |2|3|W    |
     |2|4|W    |
     |2|5|W    |
08:59:30.904 [INFO] Executing scenario: Set row color
08:59:30.905 [DEBUG] Executing Step: * create a "5" by "5" image
08:59:30.906 [DEBUG] Executing Step: * set pixel horizontal colors 
     |y|from|to|color|
     |-|----|--|-----|
     |2|1   |5 |W    |
08:59:30.908 [DEBUG] Executing Step: * render image
08:59:30.909 [INFO] 
OOOOO
WWWWW
OOOOO
OOOOO
OOOOO
08:59:30.909 [DEBUG] Executing Step: * check color 
     |x|y|color|
     |-|-|-----|
     |1|2|W    |
     |2|2|W    |
     |3|2|W    |
     |4|2|W    |
     |5|2|W    |
08:59:30.912 [INFO] Executing scenario: Clear image
08:59:30.913 [DEBUG] Executing Step: * create a "5" by "5" image
08:59:30.916 [DEBUG] Executing Step: * set pixel vertical colors 
     |x|from|to|color|
     |-|----|--|-----|
     |2|1   |5 |W    |
08:59:30.918 [DEBUG] Executing Step: * set pixel horizontal colors 
     |y|from|to|color|
     |-|----|--|-----|
     |2|1   |5 |W    |
08:59:30.919 [DEBUG] Executing Step: * clear image
08:59:30.921 [DEBUG] Executing Step: * render image
08:59:30.922 [INFO] 
OOOOO
OOOOO
OOOOO
OOOOO
OOOOO
08:59:30.923 [DEBUG] Executing Step: * check color 
     |x|y|color|
     |-|-|-----|
     |1|1|O    |
     |2|2|O    |
     |3|2|O    |
     |4|2|O    |
     |5|2|O    |
08:59:30.927 [DEBUG] Executing Step: * create a "5" by "5" image
08:59:30.930 [INFO] Executing scenario: Fill and get region
08:59:30.930 [DEBUG] Executing Step: * set x "1" y "2" to "A"
08:59:30.932 [DEBUG] Executing Step: * set x "2" y "1" to "A"
08:59:30.934 [DEBUG] Executing Step: * set x "2" y "3" to "A"
08:59:30.935 [DEBUG] Executing Step: * set x "3" y "2" to "A"
08:59:30.937 [DEBUG] Executing Step: * set x "1" y "1" to "A"
08:59:30.939 [DEBUG] Executing Step: * set x "3" y "3" to "A"
08:59:30.941 [DEBUG] Executing Step: * set x "1" y "3" to "A"
08:59:30.943 [DEBUG] Executing Step: * set x "5" y "5" to "A"
08:59:30.945 [DEBUG] Executing Step: * set x "4" y "3" to "B"
08:59:30.947 [DEBUG] Executing Step: * fill x "2" y "2" to "A"
08:59:30.949 [DEBUG] Executing Step: * render image
08:59:30.950 [INFO] 
AAOOO
AAAOO
AAABO
OOOOO
OOOOA
08:59:30.951 [DEBUG] Executing Step: * check in region 
     |x|y|color|
     |-|-|-----|
     |2|2|A    |
     |2|1|A    |
     |2|3|A    |
     |1|2|A    |
     |3|2|A    |
     |1|1|A    |
     |3|3|A    |
     |1|3|A    |
08:59:30.954 [DEBUG] Executing Step: * check out of region 
     |x|y|color|
     |-|-|-----|
     |5|5|A    |
     |4|3|A    |
08:59:31.063 [DEBUG] Plugin [Html Report] with pid [14120] has exited
08:59:31.063 [INFO] Specifications: 	1 executed, 1 passed, 0 failed, 0 skipped
08:59:31.063 [INFO] Scenarios: 	8 executed, 8 passed, 0 failed, 0 skipped
08:59:31.063 [INFO] Total time taken: 159ms
09:01:59.321 [INFO] warning: parser/current is loading parser/ruby22, which recognizes
warning: 2.2.3-compliant syntax, but you are running 2.2.2.
warning: please see https://github.com/whitequark/parser#compatibility-with-ruby-mri.
09:01:59.778 [INFO] Executing specification: Image Specification
09:01:59.778 [INFO] Executing scenario: Create Images
09:01:59.779 [DEBUG] Executing Step: * initialize valid images 
     |w  |h  |pixel count|Exception|
     |---|---|-----------|---------|
     |3  |3  |9          |none     |
     |250|250|62500      |none     |
09:01:59.920 [ERROR] Failed step: initialize valid images
09:01:59.921 [ERROR] Error Message: uninitialized constant Image::Pixel
09:01:59.921 [ERROR] Stacktrace: /Users/cococoder/Desktop/carwow/lib/image.rb:25:in `block in initialize'
	/Users/cococoder/.rubies/ruby-2.2.2/lib/ruby/2.2.0/matrix.rb:203:in `block (2 levels) in build'
	/Users/cococoder/.rubies/ruby-2.2.2/lib/ruby/2.2.0/matrix.rb:202:in `initialize'
	/Users/cococoder/.rubies/ruby-2.2.2/lib/ruby/2.2.0/matrix.rb:202:in `new'
	/Users/cococoder/.rubies/ruby-2.2.2/lib/ruby/2.2.0/matrix.rb:202:in `block in build'
	/Users/cococoder/.rubies/ruby-2.2.2/lib/ruby/2.2.0/matrix.rb:201:in `initialize'
	/Users/cococoder/.rubies/ruby-2.2.2/lib/ruby/2.2.0/matrix.rb:201:in `new'
	/Users/cococoder/.rubies/ruby-2.2.2/lib/ruby/2.2.0/matrix.rb:201:in `build'
	/Users/cococoder/Desktop/carwow/lib/image.rb:24:in `initialize'
	/Users/cococoder/Desktop/carwow/step_implementations/steps.rb:60:in `new'
	/Users/cococoder/Desktop/carwow/step_implementations/steps.rb:60:in `block (2 levels) in <top (required)>'
	/Users/cococoder/Desktop/carwow/step_implementations/steps.rb:59:in `each'
	/Users/cococoder/Desktop/carwow/step_implementations/steps.rb:59:in `block in <top (required)>'
	/Users/cococoder/.gem/ruby/2.2.2/gems/gauge-ruby-0.1.0/lib/executor.rb:30:in `call'
	/Users/cococoder/.gem/ruby/2.2.2/gems/gauge-ruby-0.1.0/lib/executor.rb:30:in `execute_step'
	/Users/cococoder/.gem/ruby/2.2.2/gems/gauge-ruby-0.1.0/lib/processors/execute_step_request_processor.rb:30:in `process_execute_step_request'
	/Users/cococoder/.gem/ruby/2.2.2/gems/gauge-ruby-0.1.0/lib/message_processor.rb:52:in `call'
	/Users/cococoder/.gem/ruby/2.2.2/gems/gauge-ruby-0.1.0/lib/message_processor.rb:52:in `process_message'
	/Users/cococoder/.gem/ruby/2.2.2/gems/gauge-ruby-0.1.0/lib/gauge_runtime.rb:53:in `handle_message'
	/Users/cococoder/.gem/ruby/2.2.2/gems/gauge-ruby-0.1.0/lib/gauge_runtime.rb:37:in `dispatch_messages'
	/Users/cococoder/.gem/ruby/2.2.2/gems/gauge-ruby-0.1.0/lib/gauge_runtime.rb:76:in `<module:Runtime>'
	/Users/cococoder/.gem/ruby/2.2.2/gems/gauge-ruby-0.1.0/lib/gauge_runtime.rb:29:in `<module:Gauge>'
	/Users/cococoder/.gem/ruby/2.2.2/gems/gauge-ruby-0.1.0/lib/gauge_runtime.rb:27:in `<top (required)>'
	/Users/cococoder/.rubies/ruby-2.2.2/lib/ruby/2.2.0/rubygems/core_ext/kernel_require.rb:128:in `require'
	/Users/cococoder/.rubies/ruby-2.2.2/lib/ruby/2.2.0/rubygems/core_ext/kernel_require.rb:128:in `rescue in require'
	/Users/cococoder/.rubies/ruby-2.2.2/lib/ruby/2.2.0/rubygems/core_ext/kernel_require.rb:39:in `require'
	-e:1:in `<main>'
	
09:01:59.923 [INFO] Executing scenario: check image bounds
09:01:59.924 [DEBUG] Executing Step: * create a "3" by "3" image
09:02:00.066 [ERROR] Failed step: create a "3" by "3" image
09:02:00.066 [ERROR] Error Message: uninitialized constant Image::Pixel
09:02:00.066 [ERROR] Stacktrace: /Users/cococoder/Desktop/carwow/lib/image.rb:25:in `block in initialize'
	/Users/cococoder/.rubies/ruby-2.2.2/lib/ruby/2.2.0/matrix.rb:203:in `block (2 levels) in build'
	/Users/cococoder/.rubies/ruby-2.2.2/lib/ruby/2.2.0/matrix.rb:202:in `initialize'
	/Users/cococoder/.rubies/ruby-2.2.2/lib/ruby/2.2.0/matrix.rb:202:in `new'
	/Users/cococoder/.rubies/ruby-2.2.2/lib/ruby/2.2.0/matrix.rb:202:in `block in build'
	/Users/cococoder/.rubies/ruby-2.2.2/lib/ruby/2.2.0/matrix.rb:201:in `initialize'
	/Users/cococoder/.rubies/ruby-2.2.2/lib/ruby/2.2.0/matrix.rb:201:in `new'
	/Users/cococoder/.rubies/ruby-2.2.2/lib/ruby/2.2.0/matrix.rb:201:in `build'
	/Users/cococoder/Desktop/carwow/lib/image.rb:24:in `initialize'
	/Users/cococoder/Desktop/carwow/step_implementations/steps.rb:11:in `new'
	/Users/cococoder/Desktop/carwow/step_implementations/steps.rb:11:in `block in <top (required)>'
	/Users/cococoder/.gem/ruby/2.2.2/gems/gauge-ruby-0.1.0/lib/executor.rb:32:in `call'
	/Users/cococoder/.gem/ruby/2.2.2/gems/gauge-ruby-0.1.0/lib/executor.rb:32:in `execute_step'
	/Users/cococoder/.gem/ruby/2.2.2/gems/gauge-ruby-0.1.0/lib/processors/execute_step_request_processor.rb:30:in `process_execute_step_request'
	/Users/cococoder/.gem/ruby/2.2.2/gems/gauge-ruby-0.1.0/lib/message_processor.rb:52:in `call'
	/Users/cococoder/.gem/ruby/2.2.2/gems/gauge-ruby-0.1.0/lib/message_processor.rb:52:in `process_message'
	/Users/cococoder/.gem/ruby/2.2.2/gems/gauge-ruby-0.1.0/lib/gauge_runtime.rb:53:in `handle_message'
	/Users/cococoder/.gem/ruby/2.2.2/gems/gauge-ruby-0.1.0/lib/gauge_runtime.rb:37:in `dispatch_messages'
	/Users/cococoder/.gem/ruby/2.2.2/gems/gauge-ruby-0.1.0/lib/gauge_runtime.rb:76:in `<module:Runtime>'
	/Users/cococoder/.gem/ruby/2.2.2/gems/gauge-ruby-0.1.0/lib/gauge_runtime.rb:29:in `<module:Gauge>'
	/Users/cococoder/.gem/ruby/2.2.2/gems/gauge-ruby-0.1.0/lib/gauge_runtime.rb:27:in `<top (required)>'
	/Users/cococoder/.rubies/ruby-2.2.2/lib/ruby/2.2.0/rubygems/core_ext/kernel_require.rb:128:in `require'
	/Users/cococoder/.rubies/ruby-2.2.2/lib/ruby/2.2.0/rubygems/core_ext/kernel_require.rb:128:in `rescue in require'
	/Users/cococoder/.rubies/ruby-2.2.2/lib/ruby/2.2.0/rubygems/core_ext/kernel_require.rb:39:in `require'
	-e:1:in `<main>'
	
09:02:00.068 [INFO] Executing scenario: Set Color of Pixel
09:02:00.069 [DEBUG] Executing Step: * create a "3" by "3" image
09:02:00.217 [ERROR] Failed step: create a "3" by "3" image
09:02:00.217 [ERROR] Error Message: uninitialized constant Image::Pixel
09:02:00.217 [ERROR] Stacktrace: /Users/cococoder/Desktop/carwow/lib/image.rb:25:in `block in initialize'
	/Users/cococoder/.rubies/ruby-2.2.2/lib/ruby/2.2.0/matrix.rb:203:in `block (2 levels) in build'
	/Users/cococoder/.rubies/ruby-2.2.2/lib/ruby/2.2.0/matrix.rb:202:in `initialize'
	/Users/cococoder/.rubies/ruby-2.2.2/lib/ruby/2.2.0/matrix.rb:202:in `new'
	/Users/cococoder/.rubies/ruby-2.2.2/lib/ruby/2.2.0/matrix.rb:202:in `block in build'
	/Users/cococoder/.rubies/ruby-2.2.2/lib/ruby/2.2.0/matrix.rb:201:in `initialize'
	/Users/cococoder/.rubies/ruby-2.2.2/lib/ruby/2.2.0/matrix.rb:201:in `new'
	/Users/cococoder/.rubies/ruby-2.2.2/lib/ruby/2.2.0/matrix.rb:201:in `build'
	/Users/cococoder/Desktop/carwow/lib/image.rb:24:in `initialize'
	/Users/cococoder/Desktop/carwow/step_implementations/steps.rb:11:in `new'
	/Users/cococoder/Desktop/carwow/step_implementations/steps.rb:11:in `block in <top (required)>'
	/Users/cococoder/.gem/ruby/2.2.2/gems/gauge-ruby-0.1.0/lib/executor.rb:32:in `call'
	/Users/cococoder/.gem/ruby/2.2.2/gems/gauge-ruby-0.1.0/lib/executor.rb:32:in `execute_step'
	/Users/cococoder/.gem/ruby/2.2.2/gems/gauge-ruby-0.1.0/lib/processors/execute_step_request_processor.rb:30:in `process_execute_step_request'
	/Users/cococoder/.gem/ruby/2.2.2/gems/gauge-ruby-0.1.0/lib/message_processor.rb:52:in `call'
	/Users/cococoder/.gem/ruby/2.2.2/gems/gauge-ruby-0.1.0/lib/message_processor.rb:52:in `process_message'
	/Users/cococoder/.gem/ruby/2.2.2/gems/gauge-ruby-0.1.0/lib/gauge_runtime.rb:53:in `handle_message'
	/Users/cococoder/.gem/ruby/2.2.2/gems/gauge-ruby-0.1.0/lib/gauge_runtime.rb:37:in `dispatch_messages'
	/Users/cococoder/.gem/ruby/2.2.2/gems/gauge-ruby-0.1.0/lib/gauge_runtime.rb:76:in `<module:Runtime>'
	/Users/cococoder/.gem/ruby/2.2.2/gems/gauge-ruby-0.1.0/lib/gauge_runtime.rb:29:in `<module:Gauge>'
	/Users/cococoder/.gem/ruby/2.2.2/gems/gauge-ruby-0.1.0/lib/gauge_runtime.rb:27:in `<top (required)>'
	/Users/cococoder/.rubies/ruby-2.2.2/lib/ruby/2.2.0/rubygems/core_ext/kernel_require.rb:128:in `require'
	/Users/cococoder/.rubies/ruby-2.2.2/lib/ruby/2.2.0/rubygems/core_ext/kernel_require.rb:128:in `rescue in require'
	/Users/cococoder/.rubies/ruby-2.2.2/lib/ruby/2.2.0/rubygems/core_ext/kernel_require.rb:39:in `require'
	-e:1:in `<main>'
	
09:02:00.219 [INFO] Executing scenario: set pixel color and check in output
09:02:00.220 [DEBUG] Executing Step: * create a "5" by "5" image
09:02:00.369 [ERROR] Failed step: create a "5" by "5" image
09:02:00.369 [ERROR] Error Message: uninitialized constant Image::Pixel
09:02:00.369 [ERROR] Stacktrace: /Users/cococoder/Desktop/carwow/lib/image.rb:25:in `block in initialize'
	/Users/cococoder/.rubies/ruby-2.2.2/lib/ruby/2.2.0/matrix.rb:203:in `block (2 levels) in build'
	/Users/cococoder/.rubies/ruby-2.2.2/lib/ruby/2.2.0/matrix.rb:202:in `initialize'
	/Users/cococoder/.rubies/ruby-2.2.2/lib/ruby/2.2.0/matrix.rb:202:in `new'
	/Users/cococoder/.rubies/ruby-2.2.2/lib/ruby/2.2.0/matrix.rb:202:in `block in build'
	/Users/cococoder/.rubies/ruby-2.2.2/lib/ruby/2.2.0/matrix.rb:201:in `initialize'
	/Users/cococoder/.rubies/ruby-2.2.2/lib/ruby/2.2.0/matrix.rb:201:in `new'
	/Users/cococoder/.rubies/ruby-2.2.2/lib/ruby/2.2.0/matrix.rb:201:in `build'
	/Users/cococoder/Desktop/carwow/lib/image.rb:24:in `initialize'
	/Users/cococoder/Desktop/carwow/step_implementations/steps.rb:11:in `new'
	/Users/cococoder/Desktop/carwow/step_implementations/steps.rb:11:in `block in <top (required)>'
	/Users/cococoder/.gem/ruby/2.2.2/gems/gauge-ruby-0.1.0/lib/executor.rb:32:in `call'
	/Users/cococoder/.gem/ruby/2.2.2/gems/gauge-ruby-0.1.0/lib/executor.rb:32:in `execute_step'
	/Users/cococoder/.gem/ruby/2.2.2/gems/gauge-ruby-0.1.0/lib/processors/execute_step_request_processor.rb:30:in `process_execute_step_request'
	/Users/cococoder/.gem/ruby/2.2.2/gems/gauge-ruby-0.1.0/lib/message_processor.rb:52:in `call'
	/Users/cococoder/.gem/ruby/2.2.2/gems/gauge-ruby-0.1.0/lib/message_processor.rb:52:in `process_message'
	/Users/cococoder/.gem/ruby/2.2.2/gems/gauge-ruby-0.1.0/lib/gauge_runtime.rb:53:in `handle_message'
	/Users/cococoder/.gem/ruby/2.2.2/gems/gauge-ruby-0.1.0/lib/gauge_runtime.rb:37:in `dispatch_messages'
	/Users/cococoder/.gem/ruby/2.2.2/gems/gauge-ruby-0.1.0/lib/gauge_runtime.rb:76:in `<module:Runtime>'
	/Users/cococoder/.gem/ruby/2.2.2/gems/gauge-ruby-0.1.0/lib/gauge_runtime.rb:29:in `<module:Gauge>'
	/Users/cococoder/.gem/ruby/2.2.2/gems/gauge-ruby-0.1.0/lib/gauge_runtime.rb:27:in `<top (required)>'
	/Users/cococoder/.rubies/ruby-2.2.2/lib/ruby/2.2.0/rubygems/core_ext/kernel_require.rb:128:in `require'
	/Users/cococoder/.rubies/ruby-2.2.2/lib/ruby/2.2.0/rubygems/core_ext/kernel_require.rb:128:in `rescue in require'
	/Users/cococoder/.rubies/ruby-2.2.2/lib/ruby/2.2.0/rubygems/core_ext/kernel_require.rb:39:in `require'
	-e:1:in `<main>'
	
09:02:00.371 [INFO] Executing scenario: Set column color
09:02:00.372 [DEBUG] Executing Step: * create a "5" by "5" image
09:02:00.533 [ERROR] Failed step: create a "5" by "5" image
09:02:00.533 [ERROR] Error Message: uninitialized constant Image::Pixel
09:02:00.533 [ERROR] Stacktrace: /Users/cococoder/Desktop/carwow/lib/image.rb:25:in `block in initialize'
	/Users/cococoder/.rubies/ruby-2.2.2/lib/ruby/2.2.0/matrix.rb:203:in `block (2 levels) in build'
	/Users/cococoder/.rubies/ruby-2.2.2/lib/ruby/2.2.0/matrix.rb:202:in `initialize'
	/Users/cococoder/.rubies/ruby-2.2.2/lib/ruby/2.2.0/matrix.rb:202:in `new'
	/Users/cococoder/.rubies/ruby-2.2.2/lib/ruby/2.2.0/matrix.rb:202:in `block in build'
	/Users/cococoder/.rubies/ruby-2.2.2/lib/ruby/2.2.0/matrix.rb:201:in `initialize'
	/Users/cococoder/.rubies/ruby-2.2.2/lib/ruby/2.2.0/matrix.rb:201:in `new'
	/Users/cococoder/.rubies/ruby-2.2.2/lib/ruby/2.2.0/matrix.rb:201:in `build'
	/Users/cococoder/Desktop/carwow/lib/image.rb:24:in `initialize'
	/Users/cococoder/Desktop/carwow/step_implementations/steps.rb:11:in `new'
	/Users/cococoder/Desktop/carwow/step_implementations/steps.rb:11:in `block in <top (required)>'
	/Users/cococoder/.gem/ruby/2.2.2/gems/gauge-ruby-0.1.0/lib/executor.rb:32:in `call'
	/Users/cococoder/.gem/ruby/2.2.2/gems/gauge-ruby-0.1.0/lib/executor.rb:32:in `execute_step'
	/Users/cococoder/.gem/ruby/2.2.2/gems/gauge-ruby-0.1.0/lib/processors/execute_step_request_processor.rb:30:in `process_execute_step_request'
	/Users/cococoder/.gem/ruby/2.2.2/gems/gauge-ruby-0.1.0/lib/message_processor.rb:52:in `call'
	/Users/cococoder/.gem/ruby/2.2.2/gems/gauge-ruby-0.1.0/lib/message_processor.rb:52:in `process_message'
	/Users/cococoder/.gem/ruby/2.2.2/gems/gauge-ruby-0.1.0/lib/gauge_runtime.rb:53:in `handle_message'
	/Users/cococoder/.gem/ruby/2.2.2/gems/gauge-ruby-0.1.0/lib/gauge_runtime.rb:37:in `dispatch_messages'
	/Users/cococoder/.gem/ruby/2.2.2/gems/gauge-ruby-0.1.0/lib/gauge_runtime.rb:76:in `<module:Runtime>'
	/Users/cococoder/.gem/ruby/2.2.2/gems/gauge-ruby-0.1.0/lib/gauge_runtime.rb:29:in `<module:Gauge>'
	/Users/cococoder/.gem/ruby/2.2.2/gems/gauge-ruby-0.1.0/lib/gauge_runtime.rb:27:in `<top (required)>'
	/Users/cococoder/.rubies/ruby-2.2.2/lib/ruby/2.2.0/rubygems/core_ext/kernel_require.rb:128:in `require'
	/Users/cococoder/.rubies/ruby-2.2.2/lib/ruby/2.2.0/rubygems/core_ext/kernel_require.rb:128:in `rescue in require'
	/Users/cococoder/.rubies/ruby-2.2.2/lib/ruby/2.2.0/rubygems/core_ext/kernel_require.rb:39:in `require'
	-e:1:in `<main>'
	
09:02:00.535 [INFO] Executing scenario: Set row color
09:02:00.536 [DEBUG] Executing Step: * create a "5" by "5" image
09:02:00.685 [ERROR] Failed step: create a "5" by "5" image
09:02:00.685 [ERROR] Error Message: uninitialized constant Image::Pixel
09:02:00.686 [ERROR] Stacktrace: /Users/cococoder/Desktop/carwow/lib/image.rb:25:in `block in initialize'
	/Users/cococoder/.rubies/ruby-2.2.2/lib/ruby/2.2.0/matrix.rb:203:in `block (2 levels) in build'
	/Users/cococoder/.rubies/ruby-2.2.2/lib/ruby/2.2.0/matrix.rb:202:in `initialize'
	/Users/cococoder/.rubies/ruby-2.2.2/lib/ruby/2.2.0/matrix.rb:202:in `new'
	/Users/cococoder/.rubies/ruby-2.2.2/lib/ruby/2.2.0/matrix.rb:202:in `block in build'
	/Users/cococoder/.rubies/ruby-2.2.2/lib/ruby/2.2.0/matrix.rb:201:in `initialize'
	/Users/cococoder/.rubies/ruby-2.2.2/lib/ruby/2.2.0/matrix.rb:201:in `new'
	/Users/cococoder/.rubies/ruby-2.2.2/lib/ruby/2.2.0/matrix.rb:201:in `build'
	/Users/cococoder/Desktop/carwow/lib/image.rb:24:in `initialize'
	/Users/cococoder/Desktop/carwow/step_implementations/steps.rb:11:in `new'
	/Users/cococoder/Desktop/carwow/step_implementations/steps.rb:11:in `block in <top (required)>'
	/Users/cococoder/.gem/ruby/2.2.2/gems/gauge-ruby-0.1.0/lib/executor.rb:32:in `call'
	/Users/cococoder/.gem/ruby/2.2.2/gems/gauge-ruby-0.1.0/lib/executor.rb:32:in `execute_step'
	/Users/cococoder/.gem/ruby/2.2.2/gems/gauge-ruby-0.1.0/lib/processors/execute_step_request_processor.rb:30:in `process_execute_step_request'
	/Users/cococoder/.gem/ruby/2.2.2/gems/gauge-ruby-0.1.0/lib/message_processor.rb:52:in `call'
	/Users/cococoder/.gem/ruby/2.2.2/gems/gauge-ruby-0.1.0/lib/message_processor.rb:52:in `process_message'
	/Users/cococoder/.gem/ruby/2.2.2/gems/gauge-ruby-0.1.0/lib/gauge_runtime.rb:53:in `handle_message'
	/Users/cococoder/.gem/ruby/2.2.2/gems/gauge-ruby-0.1.0/lib/gauge_runtime.rb:37:in `dispatch_messages'
	/Users/cococoder/.gem/ruby/2.2.2/gems/gauge-ruby-0.1.0/lib/gauge_runtime.rb:76:in `<module:Runtime>'
	/Users/cococoder/.gem/ruby/2.2.2/gems/gauge-ruby-0.1.0/lib/gauge_runtime.rb:29:in `<module:Gauge>'
	/Users/cococoder/.gem/ruby/2.2.2/gems/gauge-ruby-0.1.0/lib/gauge_runtime.rb:27:in `<top (required)>'
	/Users/cococoder/.rubies/ruby-2.2.2/lib/ruby/2.2.0/rubygems/core_ext/kernel_require.rb:128:in `require'
	/Users/cococoder/.rubies/ruby-2.2.2/lib/ruby/2.2.0/rubygems/core_ext/kernel_require.rb:128:in `rescue in require'
	/Users/cococoder/.rubies/ruby-2.2.2/lib/ruby/2.2.0/rubygems/core_ext/kernel_require.rb:39:in `require'
	-e:1:in `<main>'
	
09:02:00.687 [INFO] Executing scenario: Clear image
09:02:00.688 [DEBUG] Executing Step: * create a "5" by "5" image
09:02:00.836 [ERROR] Failed step: create a "5" by "5" image
09:02:00.836 [ERROR] Error Message: uninitialized constant Image::Pixel
09:02:00.836 [ERROR] Stacktrace: /Users/cococoder/Desktop/carwow/lib/image.rb:25:in `block in initialize'
	/Users/cococoder/.rubies/ruby-2.2.2/lib/ruby/2.2.0/matrix.rb:203:in `block (2 levels) in build'
	/Users/cococoder/.rubies/ruby-2.2.2/lib/ruby/2.2.0/matrix.rb:202:in `initialize'
	/Users/cococoder/.rubies/ruby-2.2.2/lib/ruby/2.2.0/matrix.rb:202:in `new'
	/Users/cococoder/.rubies/ruby-2.2.2/lib/ruby/2.2.0/matrix.rb:202:in `block in build'
	/Users/cococoder/.rubies/ruby-2.2.2/lib/ruby/2.2.0/matrix.rb:201:in `initialize'
	/Users/cococoder/.rubies/ruby-2.2.2/lib/ruby/2.2.0/matrix.rb:201:in `new'
	/Users/cococoder/.rubies/ruby-2.2.2/lib/ruby/2.2.0/matrix.rb:201:in `build'
	/Users/cococoder/Desktop/carwow/lib/image.rb:24:in `initialize'
	/Users/cococoder/Desktop/carwow/step_implementations/steps.rb:11:in `new'
	/Users/cococoder/Desktop/carwow/step_implementations/steps.rb:11:in `block in <top (required)>'
	/Users/cococoder/.gem/ruby/2.2.2/gems/gauge-ruby-0.1.0/lib/executor.rb:32:in `call'
	/Users/cococoder/.gem/ruby/2.2.2/gems/gauge-ruby-0.1.0/lib/executor.rb:32:in `execute_step'
	/Users/cococoder/.gem/ruby/2.2.2/gems/gauge-ruby-0.1.0/lib/processors/execute_step_request_processor.rb:30:in `process_execute_step_request'
	/Users/cococoder/.gem/ruby/2.2.2/gems/gauge-ruby-0.1.0/lib/message_processor.rb:52:in `call'
	/Users/cococoder/.gem/ruby/2.2.2/gems/gauge-ruby-0.1.0/lib/message_processor.rb:52:in `process_message'
	/Users/cococoder/.gem/ruby/2.2.2/gems/gauge-ruby-0.1.0/lib/gauge_runtime.rb:53:in `handle_message'
	/Users/cococoder/.gem/ruby/2.2.2/gems/gauge-ruby-0.1.0/lib/gauge_runtime.rb:37:in `dispatch_messages'
	/Users/cococoder/.gem/ruby/2.2.2/gems/gauge-ruby-0.1.0/lib/gauge_runtime.rb:76:in `<module:Runtime>'
	/Users/cococoder/.gem/ruby/2.2.2/gems/gauge-ruby-0.1.0/lib/gauge_runtime.rb:29:in `<module:Gauge>'
	/Users/cococoder/.gem/ruby/2.2.2/gems/gauge-ruby-0.1.0/lib/gauge_runtime.rb:27:in `<top (required)>'
	/Users/cococoder/.rubies/ruby-2.2.2/lib/ruby/2.2.0/rubygems/core_ext/kernel_require.rb:128:in `require'
	/Users/cococoder/.rubies/ruby-2.2.2/lib/ruby/2.2.0/rubygems/core_ext/kernel_require.rb:128:in `rescue in require'
	/Users/cococoder/.rubies/ruby-2.2.2/lib/ruby/2.2.0/rubygems/core_ext/kernel_require.rb:39:in `require'
	-e:1:in `<main>'
	
09:02:00.838 [INFO] Executing scenario: Fill and get region
09:02:00.838 [DEBUG] Executing Step: * set x "1" y "2" to "A"
09:02:00.990 [ERROR] Failed step: set x "1" y "2" to "A"
09:02:00.990 [ERROR] Error Message: uninitialized constant Pixel
09:02:00.990 [ERROR] Stacktrace: /Users/cococoder/Desktop/carwow/step_implementations/steps.rb:66:in `block in <top (required)>'
	/Users/cococoder/.gem/ruby/2.2.2/gems/gauge-ruby-0.1.0/lib/executor.rb:32:in `call'
	/Users/cococoder/.gem/ruby/2.2.2/gems/gauge-ruby-0.1.0/lib/executor.rb:32:in `execute_step'
	/Users/cococoder/.gem/ruby/2.2.2/gems/gauge-ruby-0.1.0/lib/processors/execute_step_request_processor.rb:30:in `process_execute_step_request'
	/Users/cococoder/.gem/ruby/2.2.2/gems/gauge-ruby-0.1.0/lib/message_processor.rb:52:in `call'
	/Users/cococoder/.gem/ruby/2.2.2/gems/gauge-ruby-0.1.0/lib/message_processor.rb:52:in `process_message'
	/Users/cococoder/.gem/ruby/2.2.2/gems/gauge-ruby-0.1.0/lib/gauge_runtime.rb:53:in `handle_message'
	/Users/cococoder/.gem/ruby/2.2.2/gems/gauge-ruby-0.1.0/lib/gauge_runtime.rb:37:in `dispatch_messages'
	/Users/cococoder/.gem/ruby/2.2.2/gems/gauge-ruby-0.1.0/lib/gauge_runtime.rb:76:in `<module:Runtime>'
	/Users/cococoder/.gem/ruby/2.2.2/gems/gauge-ruby-0.1.0/lib/gauge_runtime.rb:29:in `<module:Gauge>'
	/Users/cococoder/.gem/ruby/2.2.2/gems/gauge-ruby-0.1.0/lib/gauge_runtime.rb:27:in `<top (required)>'
	/Users/cococoder/.rubies/ruby-2.2.2/lib/ruby/2.2.0/rubygems/core_ext/kernel_require.rb:128:in `require'
	/Users/cococoder/.rubies/ruby-2.2.2/lib/ruby/2.2.0/rubygems/core_ext/kernel_require.rb:128:in `rescue in require'
	/Users/cococoder/.rubies/ruby-2.2.2/lib/ruby/2.2.0/rubygems/core_ext/kernel_require.rb:39:in `require'
	-e:1:in `<main>'
	
09:02:01.102 [DEBUG] Plugin [Html Report] with pid [14224] has exited
09:02:01.102 [INFO] Specifications: 	1 executed, 0 passed, 1 failed, 0 skipped
09:02:01.102 [INFO] Scenarios: 	8 executed, 0 passed, 8 failed, 0 skipped
09:02:01.102 [INFO] Total time taken: 1.216s
09:02:37.042 [INFO] warning: parser/current is loading parser/ruby22, which recognizes
warning: 2.2.3-compliant syntax, but you are running 2.2.2.
warning: please see https://github.com/whitequark/parser#compatibility-with-ruby-mri.
09:02:37.503 [INFO] Executing specification: Image Specification
09:02:37.504 [INFO] Executing scenario: Create Images
09:02:37.505 [DEBUG] Executing Step: * initialize valid images 
     |w  |h  |pixel count|Exception|
     |---|---|-----------|---------|
     |3  |3  |9          |none     |
     |250|250|62500      |none     |
09:02:37.576 [DEBUG] Executing Step: * initialize invalid images 
     |w  |h  |Exception message                                        |
     |---|---|---------------------------------------------------------|
     |251|250|A width of 251 is greater than the maximum width of 250  |
     |250|251|A height of 251 is greater than the maximum height of 250|
     |0  |250|A width of 0 is less than the minimum width of 1         |
     |250|0  |A height of 0 is less than the minimum height of 1       |
09:02:37.579 [INFO] Executing scenario: check image bounds
09:02:37.580 [DEBUG] Executing Step: * create a "3" by "3" image
09:02:37.581 [DEBUG] Executing Step: * set invalid pixel colors 
     |x|y|Exception message                   |
     |-|-|------------------------------------|
     |4|3|4 is outside the width of the image |
     |3|4|4 is outside the height of the image|
     |0|3|0 is outside the width of the image |
     |3|0|0 is outside the height of the image|
09:02:37.584 [INFO] Executing scenario: Set Color of Pixel
09:02:37.585 [DEBUG] Executing Step: * create a "3" by "3" image
09:02:37.587 [DEBUG] Executing Step: * set pixel colors 
     |x|y|color|
     |-|-|-----|
     |3|3|A    |
     |2|2|A    |
     |1|1|A    |
09:02:37.590 [INFO] Executing scenario: set pixel color and check in output
09:02:37.591 [DEBUG] Executing Step: * create a "5" by "5" image
09:02:37.592 [DEBUG] Executing Step: * set x "1" y "1" to "A"
09:02:37.594 [DEBUG] Executing Step: * set x "2" y "1" to "B"
09:02:37.596 [DEBUG] Executing Step: * set x "3" y "1" to "C"
09:02:37.599 [DEBUG] Executing Step: * set x "3" y "2" to "D"
09:02:37.601 [DEBUG] Executing Step: * set x "3" y "3" to "E"
09:02:37.603 [DEBUG] Executing Step: * render image
09:02:37.603 [INFO] 
ABCOO
OODOO
OOEOO
OOOOO
OOOOO
09:02:37.604 [DEBUG] Executing Step: * check color 
     |x|y|color|
     |-|-|-----|
     |1|1|A    |
     |2|1|B    |
     |3|1|C    |
     |3|2|D    |
     |3|3|E    |
09:02:37.608 [INFO] Executing scenario: Set column color
09:02:37.609 [DEBUG] Executing Step: * create a "5" by "5" image
09:02:37.611 [DEBUG] Executing Step: * set pixel vertical colors 
     |x|from|to|color|
     |-|----|--|-----|
     |2|1   |5 |W    |
09:02:37.613 [DEBUG] Executing Step: * render image
09:02:37.614 [INFO] 
OWOOO
OWOOO
OWOOO
OWOOO
OWOOO
09:02:37.615 [DEBUG] Executing Step: * check color 
     |x|y|color|
     |-|-|-----|
     |2|1|W    |
     |2|2|W    |
     |2|3|W    |
     |2|4|W    |
     |2|5|W    |
09:02:37.617 [INFO] Executing scenario: Set row color
09:02:37.618 [DEBUG] Executing Step: * create a "5" by "5" image
09:02:37.619 [DEBUG] Executing Step: * set pixel horizontal colors 
     |y|from|to|color|
     |-|----|--|-----|
     |2|1   |5 |W    |
09:02:37.621 [DEBUG] Executing Step: * render image
09:02:37.622 [INFO] 
OOOOO
WWWWW
OOOOO
OOOOO
OOOOO
09:02:37.622 [DEBUG] Executing Step: * check color 
     |x|y|color|
     |-|-|-----|
     |1|2|W    |
     |2|2|W    |
     |3|2|W    |
     |4|2|W    |
     |5|2|W    |
09:02:37.625 [INFO] Executing scenario: Clear image
09:02:37.626 [DEBUG] Executing Step: * create a "5" by "5" image
09:02:37.627 [DEBUG] Executing Step: * set pixel vertical colors 
     |x|from|to|color|
     |-|----|--|-----|
     |2|1   |5 |W    |
09:02:37.629 [DEBUG] Executing Step: * set pixel horizontal colors 
     |y|from|to|color|
     |-|----|--|-----|
     |2|1   |5 |W    |
09:02:37.630 [DEBUG] Executing Step: * clear image
09:02:37.631 [DEBUG] Executing Step: * render image
09:02:37.632 [INFO] 
OOOOO
OOOOO
OOOOO
OOOOO
OOOOO
09:02:37.633 [DEBUG] Executing Step: * check color 
     |x|y|color|
     |-|-|-----|
     |1|1|O    |
     |2|2|O    |
     |3|2|O    |
     |4|2|O    |
     |5|2|O    |
09:02:37.636 [DEBUG] Executing Step: * create a "5" by "5" image
09:02:37.638 [INFO] Executing scenario: Fill and get region
09:02:37.639 [DEBUG] Executing Step: * set x "1" y "2" to "A"
09:02:37.640 [DEBUG] Executing Step: * set x "2" y "1" to "A"
09:02:37.642 [DEBUG] Executing Step: * set x "2" y "3" to "A"
09:02:37.644 [DEBUG] Executing Step: * set x "3" y "2" to "A"
09:02:37.646 [DEBUG] Executing Step: * set x "1" y "1" to "A"
09:02:37.649 [DEBUG] Executing Step: * set x "3" y "3" to "A"
09:02:37.651 [DEBUG] Executing Step: * set x "1" y "3" to "A"
09:02:37.652 [DEBUG] Executing Step: * set x "5" y "5" to "A"
09:02:37.654 [DEBUG] Executing Step: * set x "4" y "3" to "B"
09:02:37.656 [DEBUG] Executing Step: * fill x "2" y "2" to "A"
09:02:37.658 [DEBUG] Executing Step: * render image
09:02:37.658 [INFO] 
AAOOO
AAAOO
AAABO
OOOOO
OOOOA
09:02:37.659 [DEBUG] Executing Step: * check in region 
     |x|y|color|
     |-|-|-----|
     |2|2|A    |
     |2|1|A    |
     |2|3|A    |
     |1|2|A    |
     |3|2|A    |
     |1|1|A    |
     |3|3|A    |
     |1|3|A    |
09:02:37.663 [DEBUG] Executing Step: * check out of region 
     |x|y|color|
     |-|-|-----|
     |5|5|A    |
     |4|3|A    |
09:02:37.772 [DEBUG] Plugin [Html Report] with pid [14255] has exited
09:02:37.772 [INFO] Specifications: 	1 executed, 1 passed, 0 failed, 0 skipped
09:02:37.772 [INFO] Scenarios: 	8 executed, 8 passed, 0 failed, 0 skipped
09:02:37.772 [INFO] Total time taken: 164ms
